
*** Running vivado
    with args -log blk_mem_gen_0.vds -m64 -product Vivado -mode batch -messageDb vivado.pb -notrace -source blk_mem_gen_0.tcl


****** Vivado v2016.4 (64-bit)
  **** SW Build 1733598 on Wed Dec 14 22:35:39 MST 2016
  **** IP Build 1731160 on Wed Dec 14 23:47:21 MST 2016
    ** Copyright 1986-2016 Xilinx, Inc. All Rights Reserved.

source blk_mem_gen_0.tcl -notrace
Starting RTL Elaboration : Time (s): cpu = 00:00:09 ; elapsed = 00:00:11 . Memory (MB): peak = 289.352 ; gain = 79.324
INFO: [Synth 8-638] synthesizing module 'blk_mem_gen_0' [c:/Users/Felix/Desktop/Projects/Arty/Project/project_1/project_1.srcs/sources_1/ip/blk_mem_gen_0/synth/blk_mem_gen_0.vhd:67]
INFO: [Synth 8-256] done synthesizing module 'blk_mem_gen_0' (9#1) [c:/Users/Felix/Desktop/Projects/Arty/Project/project_1/project_1.srcs/sources_1/ip/blk_mem_gen_0/synth/blk_mem_gen_0.vhd:67]
Finished RTL Elaboration : Time (s): cpu = 00:01:04 ; elapsed = 00:01:07 . Memory (MB): peak = 488.738 ; gain = 278.711
Finished RTL Optimization Phase 1 : Time (s): cpu = 00:01:04 ; elapsed = 00:01:07 . Memory (MB): peak = 488.738 ; gain = 278.711
INFO: [Device 21-403] Loading part xc7a35ticsg324-1L
Constraint Validation Runtime : Time (s): cpu = 00:00:00 ; elapsed = 00:00:00.014 . Memory (MB): peak = 539.566 ; gain = 0.000
Finished Constraint Validation : Time (s): cpu = 00:01:14 ; elapsed = 00:01:18 . Memory (MB): peak = 539.566 ; gain = 329.539
Finished Loading Part and Timing Information : Time (s): cpu = 00:01:14 ; elapsed = 00:01:18 . Memory (MB): peak = 539.566 ; gain = 329.539
Finished applying 'set_property' XDC Constraints : Time (s): cpu = 00:01:14 ; elapsed = 00:01:18 . Memory (MB): peak = 539.566 ; gain = 329.539
Finished RTL Optimization Phase 2 : Time (s): cpu = 00:01:14 ; elapsed = 00:01:18 . Memory (MB): peak = 539.566 ; gain = 329.539
Finished Cross Boundary and Area Optimization : Time (s): cpu = 00:01:15 ; elapsed = 00:01:19 . Memory (MB): peak = 539.566 ; gain = 329.539
Finished Applying XDC Timing Constraints : Time (s): cpu = 00:01:27 ; elapsed = 00:01:31 . Memory (MB): peak = 561.883 ; gain = 351.855
Finished Timing Optimization : Time (s): cpu = 00:01:27 ; elapsed = 00:01:31 . Memory (MB): peak = 561.883 ; gain = 351.855
Finished Technology Mapping : Time (s): cpu = 00:01:27 ; elapsed = 00:01:31 . Memory (MB): peak = 571.590 ; gain = 361.563
Finished IO Insertion : Time (s): cpu = 00:01:28 ; elapsed = 00:01:32 . Memory (MB): peak = 571.590 ; gain = 361.563
Finished Renaming Generated Instances : Time (s): cpu = 00:01:28 ; elapsed = 00:01:32 . Memory (MB): peak = 571.590 ; gain = 361.563
Finished Rebuilding User Hierarchy : Time (s): cpu = 00:01:28 ; elapsed = 00:01:32 . Memory (MB): peak = 571.590 ; gain = 361.563
Finished Renaming Generated Ports : Time (s): cpu = 00:01:28 ; elapsed = 00:01:32 . Memory (MB): peak = 571.590 ; gain = 361.563
Finished Handling Custom Attributes : Time (s): cpu = 00:01:28 ; elapsed = 00:01:32 . Memory (MB): peak = 571.590 ; gain = 361.563
Finished Renaming Generated Nets : Time (s): cpu = 00:01:28 ; elapsed = 00:01:32 . Memory (MB): peak = 571.590 ; gain = 361.563

Report Cell Usage: 
+------+---------+------+
|      |Cell     |Count |
+------+---------+------+
|1     |RAMB18E1 |     1|
+------+---------+------+
Finished Writing Synthesis Report : Time (s): cpu = 00:01:28 ; elapsed = 00:01:32 . Memory (MB): peak = 571.590 ; gain = 361.563
synth_design: Time (s): cpu = 00:01:26 ; elapsed = 00:01:30 . Memory (MB): peak = 600.965 ; gain = 388.934
